<?xml version="1.0" encoding="UTF-8"?><testsuite failures="1" name="cucumber.runtime.formatter.JUnitFormatter" skipped="0" tests="1" time="100.387561">
<testcase classname="To check weathermap site is working appropriately" name="E2E test to check all important information displayed on landing page" time="100.387561">
<failure message="java.lang.NullPointerException&#13;&#10;&#9;at org.openqa.selenium.support.pagefactory.DefaultElementLocator.findElement(DefaultElementLocator.java:69)&#13;&#10;&#9;at org.openqa.selenium.support.pagefactory.internal.LocatingElementHandler.invoke(LocatingElementHandler.java:38)&#13;&#10;&#9;at com.sun.proxy.$Proxy15.isDisplayed(Unknown Source)&#13;&#10;&#9;at stepDefinitions.WeatherMapStepDefinition.page_is_appropriately_loaded(WeatherMapStepDefinition.java:27)&#13;&#10;&#9;at ✽.When Page is appropriately loaded(D:/weathermap/weathermap/src/main/java/Features/weathermapFeatures.feature:6)&#13;&#10;"><![CDATA[Given User is on the page https://openweathermap.org/.......................passed
When Page is appropriately loaded...........................................failed
Then check city name input and search button is available...................skipped
Then check sample information is london is dispalyed........................skipped
And close the browser.......................................................skipped

StackTrace:
java.lang.NullPointerException
	at org.openqa.selenium.support.pagefactory.DefaultElementLocator.findElement(DefaultElementLocator.java:69)
	at org.openqa.selenium.support.pagefactory.internal.LocatingElementHandler.invoke(LocatingElementHandler.java:38)
	at com.sun.proxy.$Proxy15.isDisplayed(Unknown Source)
	at stepDefinitions.WeatherMapStepDefinition.page_is_appropriately_loaded(WeatherMapStepDefinition.java:27)
	at ✽.When Page is appropriately loaded(D:/weathermap/weathermap/src/main/java/Features/weathermapFeatures.feature:6)
]]></failure>
</testcase>
</testsuite>
